------------------------------------------------------------------------------------------------------------------------

[2026-04-29 10:38:17 #1 store] 
Database 'C:\Users\MARIO\Documents\NetBeansProjects\ManchuPYME\db\ManchuAccesos.odb' is opened by 14924@LAPTOP-7734NG41

[2026-04-29 10:38:17 #2 store] 
Configuration path: ?

[2026-04-29 10:38:17 #3 type] 
Type Modelos.UserAcceso is not enhanced.

[2026-04-29 10:38:27 #4 store] 
Database 'C:\Users\MARIO\Documents\NetBeansProjects\ManchuPYME\db\ManchuAccesos.odb' is closed by 14924@LAPTOP-7734NG41

------------------------------------------------------------------------------------------------------------------------

[2026-04-29 10:38:36 #1 store] 
Database 'C:\Users\MARIO\Documents\NetBeansProjects\ManchuPYME\db\ManchuAccesos.odb' is opened by 20604@LAPTOP-7734NG41

[2026-04-29 10:38:36 #2 store] 
Configuration path: ?

[2026-04-29 10:38:36 #3 type] 
Type Modelos.UserAcceso is not enhanced.

[2026-04-29 10:38:42 #4 store] 
Database 'C:\Users\MARIO\Documents\NetBeansProjects\ManchuPYME\db\ManchuAccesos.odb' is closed by 20604@LAPTOP-7734NG41

------------------------------------------------------------------------------------------------------------------------

[2026-04-29 10:40:24 #1 store] 
Database 'C:\Users\MARIO\Documents\NetBeansProjects\ManchuPYME\db\ManchuAccesos.odb' is opened by 3696@LAPTOP-7734NG41

[2026-04-29 10:40:24 #2 store] 
Configuration path: ?

[2026-04-29 10:40:24 #3 type] 
Type Modelos.UserAcceso is not enhanced.

[2026-04-29 10:40:33 #4 store] 
Database 'C:\Users\MARIO\Documents\NetBeansProjects\ManchuPYME\db\ManchuAccesos.odb' is closed by 3696@LAPTOP-7734NG41

[2026-04-29 10:40:43 #5 store] 
Database 'C:\Users\MARIO\Documents\NetBeansProjects\ManchuPYME\db\ManchuAccesos.odb' is opened by 3696@LAPTOP-7734NG41

[2026-04-29 10:40:43 #6 store] 
Configuration path: ?

[2026-04-29 10:40:51 #7 store] 
Database 'C:\Users\MARIO\Documents\NetBeansProjects\ManchuPYME\db\ManchuAccesos.odb' is closed by 3696@LAPTOP-7734NG41

------------------------------------------------------------------------------------------------------------------------

[2026-04-29 10:41:47 #1 store] 
Database 'C:\Users\MARIO\Documents\NetBeansProjects\ManchuPYME\db\ManchuAccesos.odb' is opened by 17252@LAPTOP-7734NG41

[2026-04-29 10:41:47 #2 store] 
Configuration path: ?

[2026-04-29 10:41:47 #3 type] 
Type Modelos.UserAcceso is not enhanced.

[2026-04-29 10:41:55 #4 store] 
Database 'C:\Users\MARIO\Documents\NetBeansProjects\ManchuPYME\db\ManchuAccesos.odb' is closed by 17252@LAPTOP-7734NG41

[2026-04-29 10:41:57 #5 store] 
Database 'C:\Users\MARIO\Documents\NetBeansProjects\ManchuPYME\db\ManchuAccesos.odb' is opened by 17252@LAPTOP-7734NG41

[2026-04-29 10:41:57 #6 store] 
Configuration path: ?

[2026-04-29 10:42:02 #7 store] 
Database 'C:\Users\MARIO\Documents\NetBeansProjects\ManchuPYME\db\ManchuAccesos.odb' is closed by 17252@LAPTOP-7734NG41

------------------------------------------------------------------------------------------------------------------------

[2026-04-29 10:42:11 #1 store] 
Database 'C:\Users\MARIO\Documents\NetBeansProjects\ManchuPYME\db\ManchuAccesos.odb' is opened by 11928@LAPTOP-7734NG41

[2026-04-29 10:42:11 #2 store] 
Configuration path: ?

[2026-04-29 10:42:11 #3 type] 
Type Modelos.UserAcceso is not enhanced.

[2026-04-29 10:42:18 #4 store] 
Database 'C:\Users\MARIO\Documents\NetBeansProjects\ManchuPYME\db\ManchuAccesos.odb' is closed by 11928@LAPTOP-7734NG41

------------------------------------------------------------------------------------------------------------------------

[2026-04-29 11:00:28 #1 store] 
Database 'C:\Users\MARIO\Documents\NetBeansProjects\ManchuPYME\db\ManchuAccesos.odb' is opened by 31208@LAPTOP-7734NG41

[2026-04-29 11:00:28 #2 store] 
Configuration path: ?

[2026-04-29 11:00:28 #3 type] 
Type Modelos.UserAcceso is not enhanced.

[2026-04-29 11:00:40 #4 store] 
Database 'C:\Users\MARIO\Documents\NetBeansProjects\ManchuPYME\db\ManchuAccesos.odb' is closed by 31208@LAPTOP-7734NG41

[2026-04-29 11:00:42 #5 store] 
Database 'C:\Users\MARIO\Documents\NetBeansProjects\ManchuPYME\db\ManchuAccesos.odb' is opened by 31208@LAPTOP-7734NG41

[2026-04-29 11:00:42 #6 store] 
Configuration path: ?

[2026-04-29 11:01:16 #7 store] 
Database 'C:\Users\MARIO\Documents\NetBeansProjects\ManchuPYME\db\ManchuAccesos.odb' is closed by 31208@LAPTOP-7734NG41

------------------------------------------------------------------------------------------------------------------------

[2026-04-29 11:12:25 #1 store] 
Database 'C:\Users\MARIO\Documents\NetBeansProjects\ManchuPYME\db\ManchuAccesos.odb' is opened by 28600@LAPTOP-7734NG41

[2026-04-29 11:12:25 #2 store] 
Configuration path: ?

[2026-04-29 11:12:25 #3 type] 
Type Modelos.UserAcceso is not enhanced.

[2026-04-29 11:12:29 #4 store] 
Database 'C:\Users\MARIO\Documents\NetBeansProjects\ManchuPYME\db\ManchuAccesos.odb' is closed by 28600@LAPTOP-7734NG41

